<?xml version="1.0" encoding="UTF-8"?>
<testng-results ignored="0" total="6" passed="6" failed="0" skipped="0">
  <reporter-output>
  </reporter-output>
  <suite started-at="2022-09-20T11:51:21 EDT" name="CrossBrowser" finished-at="2022-09-20T11:51:44 EDT" duration-ms="22915">
    <groups>
      <group name="Smoke">
        <method signature="IndexPageTest.verifyLogo()[pri:0, instance:com.qstore.cases.IndexPageTest@449a4f23]" name="verifyLogo" class="com.qstore.cases.IndexPageTest"/>
        <method signature="IndexPageTest.verifyTitle()[pri:0, instance:com.qstore.cases.IndexPageTest@449a4f23]" name="verifyTitle" class="com.qstore.cases.IndexPageTest"/>
        <method signature="IndexPageTest.verifyLogo()[pri:0, instance:com.qstore.cases.IndexPageTest@72cc7e6f]" name="verifyLogo" class="com.qstore.cases.IndexPageTest"/>
        <method signature="IndexPageTest.verifyTitle()[pri:0, instance:com.qstore.cases.IndexPageTest@72cc7e6f]" name="verifyTitle" class="com.qstore.cases.IndexPageTest"/>
        <method signature="IndexPageTest.verifyLogo()[pri:0, instance:com.qstore.cases.IndexPageTest@606e4010]" name="verifyLogo" class="com.qstore.cases.IndexPageTest"/>
        <method signature="IndexPageTest.verifyTitle()[pri:0, instance:com.qstore.cases.IndexPageTest@606e4010]" name="verifyTitle" class="com.qstore.cases.IndexPageTest"/>
      </group> <!-- Smoke -->
    </groups>
    <test started-at="2022-09-20T11:51:21 EDT" name="ChromeTest" finished-at="2022-09-20T11:51:40 EDT" duration-ms="19077">
      <class name="com.qstore.cases.IndexPageTest">
        <test-method is-config="true" signature="setup(java.lang.String)[pri:0, instance:com.qstore.cases.IndexPageTest@449a4f23]" started-at="2022-09-20T11:51:21 EDT" name="setup" finished-at="2022-09-20T11:51:30 EDT" duration-ms="9666" status="PASS">
          <params>
            <param index="0">
              <value>
                <![CDATA[Chrome]]>
              </value>
            </param>
          </params>
          <reporter-output>
          </reporter-output>
        </test-method> <!-- setup -->
        <test-method signature="verifyLogo()[pri:0, instance:com.qstore.cases.IndexPageTest@449a4f23]" started-at="2022-09-20T11:51:30 EDT" name="verifyLogo" finished-at="2022-09-20T11:51:31 EDT" duration-ms="170" status="PASS">
          <reporter-output>
          </reporter-output>
        </test-method> <!-- verifyLogo -->
        <test-method is-config="true" signature="ending()[pri:0, instance:com.qstore.cases.IndexPageTest@449a4f23]" started-at="2022-09-20T11:51:31 EDT" name="ending" finished-at="2022-09-20T11:51:32 EDT" duration-ms="1138" status="PASS">
          <reporter-output>
          </reporter-output>
        </test-method> <!-- ending -->
        <test-method is-config="true" signature="setup(java.lang.String)[pri:0, instance:com.qstore.cases.IndexPageTest@449a4f23]" started-at="2022-09-20T11:51:32 EDT" name="setup" finished-at="2022-09-20T11:51:39 EDT" duration-ms="6807" status="PASS">
          <params>
            <param index="0">
              <value>
                <![CDATA[Chrome]]>
              </value>
            </param>
          </params>
          <reporter-output>
          </reporter-output>
        </test-method> <!-- setup -->
        <test-method signature="verifyTitle()[pri:0, instance:com.qstore.cases.IndexPageTest@449a4f23]" started-at="2022-09-20T11:51:39 EDT" name="verifyTitle" finished-at="2022-09-20T11:51:39 EDT" duration-ms="17" status="PASS">
          <reporter-output>
          </reporter-output>
        </test-method> <!-- verifyTitle -->
        <test-method is-config="true" signature="ending()[pri:0, instance:com.qstore.cases.IndexPageTest@449a4f23]" started-at="2022-09-20T11:51:39 EDT" name="ending" finished-at="2022-09-20T11:51:40 EDT" duration-ms="1182" status="PASS">
          <reporter-output>
          </reporter-output>
        </test-method> <!-- ending -->
      </class> <!-- com.qstore.cases.IndexPageTest -->
    </test> <!-- ChromeTest -->
    <test started-at="2022-09-20T11:51:21 EDT" name="EdgeTest" finished-at="2022-09-20T11:51:41 EDT" duration-ms="20054">
      <class name="com.qstore.cases.IndexPageTest">
        <test-method is-config="true" signature="loadConfig()[pri:0, instance:com.qstore.cases.IndexPageTest@606e4010]" started-at="2022-09-20T11:51:20 EDT" name="loadConfig" finished-at="2022-09-20T11:51:21 EDT" duration-ms="331" status="PASS">
          <reporter-output>
          </reporter-output>
        </test-method> <!-- loadConfig -->
        <test-method is-config="true" signature="setup(java.lang.String)[pri:0, instance:com.qstore.cases.IndexPageTest@606e4010]" started-at="2022-09-20T11:51:21 EDT" name="setup" finished-at="2022-09-20T11:51:32 EDT" duration-ms="10963" status="PASS">
          <params>
            <param index="0">
              <value>
                <![CDATA[Edge]]>
              </value>
            </param>
          </params>
          <reporter-output>
          </reporter-output>
        </test-method> <!-- setup -->
        <test-method signature="verifyLogo()[pri:0, instance:com.qstore.cases.IndexPageTest@606e4010]" started-at="2022-09-20T11:51:32 EDT" name="verifyLogo" finished-at="2022-09-20T11:51:32 EDT" duration-ms="59" status="PASS">
          <reporter-output>
          </reporter-output>
        </test-method> <!-- verifyLogo -->
        <test-method is-config="true" signature="ending()[pri:0, instance:com.qstore.cases.IndexPageTest@606e4010]" started-at="2022-09-20T11:51:32 EDT" name="ending" finished-at="2022-09-20T11:51:33 EDT" duration-ms="1183" status="PASS">
          <reporter-output>
          </reporter-output>
        </test-method> <!-- ending -->
        <test-method is-config="true" signature="setup(java.lang.String)[pri:0, instance:com.qstore.cases.IndexPageTest@606e4010]" started-at="2022-09-20T11:51:33 EDT" name="setup" finished-at="2022-09-20T11:51:40 EDT" duration-ms="6603" status="PASS">
          <params>
            <param index="0">
              <value>
                <![CDATA[Edge]]>
              </value>
            </param>
          </params>
          <reporter-output>
          </reporter-output>
        </test-method> <!-- setup -->
        <test-method signature="verifyTitle()[pri:0, instance:com.qstore.cases.IndexPageTest@606e4010]" started-at="2022-09-20T11:51:40 EDT" name="verifyTitle" finished-at="2022-09-20T11:51:40 EDT" duration-ms="22" status="PASS">
          <reporter-output>
          </reporter-output>
        </test-method> <!-- verifyTitle -->
        <test-method is-config="true" signature="ending()[pri:0, instance:com.qstore.cases.IndexPageTest@606e4010]" started-at="2022-09-20T11:51:40 EDT" name="ending" finished-at="2022-09-20T11:51:41 EDT" duration-ms="1140" status="PASS">
          <reporter-output>
          </reporter-output>
        </test-method> <!-- ending -->
        <test-method is-config="true" signature="afterSuite()[pri:0, instance:com.qstore.cases.IndexPageTest@606e4010]" started-at="2022-09-20T11:51:44 EDT" name="afterSuite" finished-at="2022-09-20T11:51:44 EDT" duration-ms="455" status="PASS">
          <reporter-output>
          </reporter-output>
        </test-method> <!-- afterSuite -->
      </class> <!-- com.qstore.cases.IndexPageTest -->
    </test> <!-- EdgeTest -->
    <test started-at="2022-09-20T11:51:21 EDT" name="FireFoxTest" finished-at="2022-09-20T11:51:44 EDT" duration-ms="22915">
      <class name="com.qstore.cases.IndexPageTest">
        <test-method is-config="true" signature="setup(java.lang.String)[pri:0, instance:com.qstore.cases.IndexPageTest@72cc7e6f]" started-at="2022-09-20T11:51:21 EDT" name="setup" finished-at="2022-09-20T11:51:33 EDT" duration-ms="12200" status="PASS">
          <params>
            <param index="0">
              <value>
                <![CDATA[FireFox]]>
              </value>
            </param>
          </params>
          <reporter-output>
          </reporter-output>
        </test-method> <!-- setup -->
        <test-method signature="verifyLogo()[pri:0, instance:com.qstore.cases.IndexPageTest@72cc7e6f]" started-at="2022-09-20T11:51:33 EDT" name="verifyLogo" finished-at="2022-09-20T11:51:33 EDT" duration-ms="82" status="PASS">
          <reporter-output>
          </reporter-output>
        </test-method> <!-- verifyLogo -->
        <test-method is-config="true" signature="ending()[pri:0, instance:com.qstore.cases.IndexPageTest@72cc7e6f]" started-at="2022-09-20T11:51:33 EDT" name="ending" finished-at="2022-09-20T11:51:35 EDT" duration-ms="2299" status="PASS">
          <reporter-output>
          </reporter-output>
        </test-method> <!-- ending -->
        <test-method is-config="true" signature="setup(java.lang.String)[pri:0, instance:com.qstore.cases.IndexPageTest@72cc7e6f]" started-at="2022-09-20T11:51:35 EDT" name="setup" finished-at="2022-09-20T11:51:42 EDT" duration-ms="7048" status="PASS">
          <params>
            <param index="0">
              <value>
                <![CDATA[FireFox]]>
              </value>
            </param>
          </params>
          <reporter-output>
          </reporter-output>
        </test-method> <!-- setup -->
        <test-method signature="verifyTitle()[pri:0, instance:com.qstore.cases.IndexPageTest@72cc7e6f]" started-at="2022-09-20T11:51:42 EDT" name="verifyTitle" finished-at="2022-09-20T11:51:42 EDT" duration-ms="8" status="PASS">
          <reporter-output>
          </reporter-output>
        </test-method> <!-- verifyTitle -->
        <test-method is-config="true" signature="ending()[pri:0, instance:com.qstore.cases.IndexPageTest@72cc7e6f]" started-at="2022-09-20T11:51:42 EDT" name="ending" finished-at="2022-09-20T11:51:44 EDT" duration-ms="1198" status="PASS">
          <reporter-output>
          </reporter-output>
        </test-method> <!-- ending -->
      </class> <!-- com.qstore.cases.IndexPageTest -->
    </test> <!-- FireFoxTest -->
  </suite> <!-- CrossBrowser -->
</testng-results>
